<?xml version="1.0" encoding="UTF-8"?>
<!-- Generated by org.testng.reporters.JUnitXMLReporter -->
<testsuite ignored="0" hostname="LAPTOP-Q28PCJR2" failures="0" tests="9" name="OnlineBookstoreApplicationTest" time="58.968" errors="0" timestamp="2024-02-19T09:51:23 IST">
  <testcase classname="HomePageTest" name="verifyingHomePageHeading" time="0.064"/>
  <testcase classname="HomePageTest" name="verifyingHomePageLogo" time="0.076"/>
  <testcase classname="HomePageTest" name="verifyingNavigationToSearchPage" time="0.592"/>
  <testcase classname="HomePageTest" name="verifyingNavigationToStorePage" time="2.895"/>
  <testcase classname="HomePageTest" name="verifyingNavigationToAccountPage" time="2.733"/>
  <testcase classname="HomePageTest" name="verifyingNavigationToContactusPage" time="1.076"/>
  <testcase classname="HomePageTest" name="verifyingNavigationToTrackOrderPage" time="1.715"/>
  <testcase classname="HomePageTest" name="verifyingNavigationToCartPage" time="1.171"/>
  <testcase classname="HomePageTest" name="verifyingNavigateToBooksCatelog" time="3.523"/>
</testsuite> <!-- OnlineBookstoreApplicationTest -->
